
The following have been reloaded with a version change:
  1) cuda/11.4.4 => cuda/11.4.4-ldlywt5

is available:  True
device count:  1
current device:  0
cuda device:  <torch.cuda.device object at 0x15488f3dabd0>
cuda device name:  Tesla V100-SXM2-32GB
cuda version:  11.8
[I 2024-02-05 12:14:28,540] Using an existing study with name 'wd_dr_hidden_lr_full_noise_smooth2D_o3' instead of creating a new one.
/home/aobulj/data/conda/envs/torch_env/lib/python3.11/site-packages/torch/utils/data/dataloader.py:557: UserWarning: This DataLoader will create 20 worker processes in total. Our suggested max number of worker in current system is 2, which is smaller than what this DataLoader is going to create. Please be aware that excessive worker creation might get DataLoader running slow or even freeze, lower the worker number to avoid potential slowness/freeze if necessary.
  warnings.warn(_create_warning_msg(
[I 2024-02-05 17:26:46,908] Trial 3 finished with value: -11.258753776550293 and parameters: {'lr': 0.00045774244488585734, 'wd': 0.00038365459870346347, 'dr': 0.4306017876791764, 'hidden': 8}. Best is trial 5 with value: -11.302824020385742.
[I 2024-02-05 23:37:27,533] Trial 24 finished with value: -11.034074783325195 and parameters: {'lr': 0.00015049859236537384, 'wd': 1.0308045573166754e-08, 'dr': 0.1733627941604916, 'hidden': 10}. Best is trial 21 with value: -11.327308654785156.
[I 2024-02-06 06:06:10,076] Trial 47 finished with value: -11.288017272949219 and parameters: {'lr': 0.001987555287591026, 'wd': 0.00026921294594404923, 'dr': 0.26953236515579615, 'hidden': 11}. Best is trial 44 with value: -11.377399444580078.
[I 2024-02-06 11:44:01,563] Trial 68 finished with value: -11.326715469360352 and parameters: {'lr': 0.0014954885455584176, 'wd': 1.22546973030295e-07, 'dr': 0.49861399323077793, 'hidden': 9}. Best is trial 67 with value: -11.416881561279297.
slurmstepd: error: *** JOB 9498759 ON u20-computeibmgpu-vesta9 CANCELLED AT 2024-02-06T12:14:32 DUE TO TIME LIMIT ***
